npm error code ERESOLVE
npm error ERESOLVE could not resolve
npm error
npm error While resolving: autumn-js@0.1.75
npm error Found: better-auth@1.3.10
npm error node_modules/better-auth
npm error   better-auth@"1.3.10" from the root project
npm error
npm error Could not resolve dependency:
npm error peerOptional better-auth@"^1.3.17" from autumn-js@0.1.75
npm error node_modules/autumn-js
npm error   autumn-js@"^0.1.43" from the root project
npm error
npm error Conflicting peer dependency: better-auth@1.4.18
npm error node_modules/better-auth
npm error   peerOptional better-auth@"^1.3.17" from autumn-js@0.1.75
npm error   node_modules/autumn-js
npm error     autumn-js@"^0.1.43" from the root project
npm error
npm error Fix the upstream dependency conflict, or retry
npm error this command with --force or --legacy-peer-deps
npm error to accept an incorrect (and potentially broken) dependency resolution.
npm error
npm error
npm error For a full report see:
npm error C:\Users\guntu\AppData\Local\npm-cache\_logs\2026-02-09T07_04_18_386Z-eresolve-report.txt

npm error A complete log of this run can be found in: C:\Users\guntu\AppData\Local\npm-cache\_logs\2026-02-09T07_04_18_386Z-debug-0.log
